<?xml version="1.0" encoding="UTF-8"?>
<coverage generated="1639131151">
  <project timestamp="1639131151">
    <file name="/home/runner/work/alphabase/alphabase/src/Converter.php">
      <class name="TonyBogdanov\Alphabase\Converter" namespace="global">
        <metrics complexity="12" methods="2" coveredmethods="2" conditionals="0" coveredconditionals="0" statements="33" coveredstatements="33" elements="35" coveredelements="35"/>
      </class>
      <line num="23" type="method" name="createAlphabet" visibility="protected" complexity="4" crap="4" count="259"/>
      <line num="25" type="stmt" count="259"/>
      <line num="27" type="stmt" count="257"/>
      <line num="28" type="stmt" count="257"/>
      <line num="30" type="stmt" count="257"/>
      <line num="31" type="stmt" count="1"/>
      <line num="34" type="stmt" count="256"/>
      <line num="35" type="stmt" count="1"/>
      <line num="36" type="stmt" count="1"/>
      <line num="37" type="stmt" count="1"/>
      <line num="41" type="stmt" count="255"/>
      <line num="45" type="stmt" count="257"/>
      <line num="57" type="method" name="convert" visibility="public" complexity="8" crap="8" count="260"/>
      <line num="59" type="stmt" count="260"/>
      <line num="60" type="stmt" count="1"/>
      <line num="63" type="stmt" count="259"/>
      <line num="64" type="stmt" count="257"/>
      <line num="66" type="stmt" count="257"/>
      <line num="67" type="stmt" count="257"/>
      <line num="68" type="stmt" count="1"/>
      <line num="69" type="stmt" count="1"/>
      <line num="70" type="stmt" count="1"/>
      <line num="74" type="stmt" count="256"/>
      <line num="75" type="stmt" count="256"/>
      <line num="77" type="stmt" count="256"/>
      <line num="78" type="stmt" count="256"/>
      <line num="79" type="stmt" count="1"/>
      <line num="82" type="stmt" count="255"/>
      <line num="83" type="stmt" count="255"/>
      <line num="84" type="stmt" count="255"/>
      <line num="87" type="stmt" count="255"/>
      <line num="88" type="stmt" count="255"/>
      <line num="89" type="stmt" count="255"/>
      <line num="90" type="stmt" count="255"/>
      <line num="93" type="stmt" count="255"/>
      <metrics loc="97" ncloc="78" classes="1" methods="2" coveredmethods="2" conditionals="0" coveredconditionals="0" statements="33" coveredstatements="33" elements="35" coveredelements="35"/>
    </file>
    <file name="/home/runner/work/alphabase/alphabase/src/Exception/InvalidAlphabetException.php">
      <class name="TonyBogdanov\Alphabase\Exception\InvalidAlphabetException" namespace="global">
        <metrics complexity="0" methods="0" coveredmethods="0" conditionals="0" coveredconditionals="0" statements="0" coveredstatements="0" elements="0" coveredelements="0"/>
      </class>
      <metrics loc="14" ncloc="9" classes="0" methods="0" coveredmethods="0" conditionals="0" coveredconditionals="0" statements="0" coveredstatements="0" elements="0" coveredelements="0"/>
    </file>
    <file name="/home/runner/work/alphabase/alphabase/src/Exception/InvalidInputException.php">
      <class name="TonyBogdanov\Alphabase\Exception\InvalidInputException" namespace="global">
        <metrics complexity="0" methods="0" coveredmethods="0" conditionals="0" coveredconditionals="0" statements="0" coveredstatements="0" elements="0" coveredelements="0"/>
      </class>
      <metrics loc="14" ncloc="9" classes="0" methods="0" coveredmethods="0" conditionals="0" coveredconditionals="0" statements="0" coveredstatements="0" elements="0" coveredelements="0"/>
    </file>
    <metrics files="3" loc="125" ncloc="96" classes="1" methods="2" coveredmethods="2" conditionals="0" coveredconditionals="0" statements="33" coveredstatements="33" elements="35" coveredelements="35"/>
  </project>
</coverage>
