<?xml version="1.0" encoding="UTF-8"?>
<coverage generated="1639071472">
  <project timestamp="1639071472">
    <file name="/home/runner/work/alphabase/alphabase/src/Alphabet.php">
      <class name="TonyBogdanov\Alphabase\Alphabet" namespace="global">
        <metrics complexity="16" methods="5" coveredmethods="2" conditionals="0" coveredconditionals="0" statements="30" coveredstatements="17" elements="35" coveredelements="19"/>
      </class>
      <line num="32" type="method" name="create" visibility="public" complexity="1" crap="1" count="1"/>
      <line num="33" type="stmt" count="1"/>
      <line num="44" type="method" name="__construct" visibility="public" complexity="9" crap="16.38" count="1"/>
      <line num="46" type="stmt" count="1"/>
      <line num="47" type="stmt" count="1"/>
      <line num="48" type="stmt" count="0"/>
      <line num="51" type="stmt" count="1"/>
      <line num="52" type="stmt" count="0"/>
      <line num="53" type="stmt" count="0"/>
      <line num="54" type="stmt" count="0"/>
      <line num="58" type="stmt" count="1"/>
      <line num="59" type="stmt" count="0"/>
      <line num="60" type="stmt" count="0"/>
      <line num="61" type="stmt" count="0"/>
      <line num="65" type="stmt" count="1"/>
      <line num="66" type="stmt" count="1"/>
      <line num="67" type="stmt" count="0"/>
      <line num="71" type="stmt" count="1"/>
      <line num="72" type="stmt" count="0"/>
      <line num="75" type="stmt" count="1"/>
      <line num="76" type="stmt" count="1"/>
      <line num="77" type="stmt" count="1"/>
      <line num="79" type="stmt" count="1"/>
      <line num="86" type="method" name="encode" visibility="public" complexity="3" crap="4.12" count="508"/>
      <line num="88" type="stmt" count="508"/>
      <line num="89" type="stmt" count="0"/>
      <line num="90" type="stmt" count="0"/>
      <line num="93" type="stmt" count="508"/>
      <line num="102" type="method" name="decode" visibility="public" complexity="2" crap="2.50" count="508"/>
      <line num="104" type="stmt" count="508"/>
      <line num="105" type="stmt" count="0"/>
      <line num="106" type="stmt" count="0"/>
      <line num="109" type="stmt" count="508"/>
      <line num="116" type="method" name="getSize" visibility="public" complexity="1" crap="1" count="253"/>
      <line num="117" type="stmt" count="253"/>
      <metrics loc="120" ncloc="84" classes="1" methods="5" coveredmethods="2" conditionals="0" coveredconditionals="0" statements="30" coveredstatements="17" elements="35" coveredelements="19"/>
    </file>
    <file name="/home/runner/work/alphabase/alphabase/src/Converter.php">
      <class name="TonyBogdanov\Alphabase\Converter" namespace="global">
        <metrics complexity="5" methods="3" coveredmethods="3" conditionals="0" coveredconditionals="0" statements="16" coveredstatements="16" elements="19" coveredelements="19"/>
      </class>
      <line num="17" type="method" name="toBase" visibility="public" complexity="2" crap="2" count="253"/>
      <line num="19" type="stmt" count="253"/>
      <line num="21" type="stmt" count="253"/>
      <line num="22" type="stmt" count="253"/>
      <line num="23" type="stmt" count="253"/>
      <line num="26" type="stmt" count="253"/>
      <line num="35" type="method" name="toValue" visibility="public" complexity="2" crap="2" count="253"/>
      <line num="37" type="stmt" count="253"/>
      <line num="39" type="stmt" count="253"/>
      <line num="40" type="stmt" count="253"/>
      <line num="43" type="stmt" count="253"/>
      <line num="53" type="method" name="convert" visibility="public" complexity="1" crap="1" count="253"/>
      <line num="55" type="stmt" count="253"/>
      <line num="56" type="stmt" count="253"/>
      <line num="58" type="stmt" count="253"/>
      <line num="60" type="stmt" count="253"/>
      <line num="61" type="stmt" count="253"/>
      <line num="63" type="stmt" count="253"/>
      <line num="64" type="stmt" count="253"/>
      <metrics loc="68" ncloc="47" classes="1" methods="3" coveredmethods="3" conditionals="0" coveredconditionals="0" statements="16" coveredstatements="16" elements="19" coveredelements="19"/>
    </file>
    <file name="/home/runner/work/alphabase/alphabase/src/Exception/InvalidAlphabetException.php">
      <class name="TonyBogdanov\Alphabase\Exception\InvalidAlphabetException" namespace="global">
        <metrics complexity="0" methods="0" coveredmethods="0" conditionals="0" coveredconditionals="0" statements="0" coveredstatements="0" elements="0" coveredelements="0"/>
      </class>
      <metrics loc="14" ncloc="9" classes="0" methods="0" coveredmethods="0" conditionals="0" coveredconditionals="0" statements="0" coveredstatements="0" elements="0" coveredelements="0"/>
    </file>
    <file name="/home/runner/work/alphabase/alphabase/src/Exception/InvalidPaddingException.php">
      <class name="TonyBogdanov\Alphabase\Exception\InvalidPaddingException" namespace="global">
        <metrics complexity="0" methods="0" coveredmethods="0" conditionals="0" coveredconditionals="0" statements="0" coveredstatements="0" elements="0" coveredelements="0"/>
      </class>
      <metrics loc="14" ncloc="9" classes="0" methods="0" coveredmethods="0" conditionals="0" coveredconditionals="0" statements="0" coveredstatements="0" elements="0" coveredelements="0"/>
    </file>
    <file name="/home/runner/work/alphabase/alphabase/src/Exception/OutOfBoundsException.php">
      <class name="TonyBogdanov\Alphabase\Exception\OutOfBoundsException" namespace="global">
        <metrics complexity="0" methods="0" coveredmethods="0" conditionals="0" coveredconditionals="0" statements="0" coveredstatements="0" elements="0" coveredelements="0"/>
      </class>
      <metrics loc="14" ncloc="9" classes="0" methods="0" coveredmethods="0" conditionals="0" coveredconditionals="0" statements="0" coveredstatements="0" elements="0" coveredelements="0"/>
    </file>
    <metrics files="5" loc="230" ncloc="158" classes="2" methods="8" coveredmethods="5" conditionals="0" coveredconditionals="0" statements="46" coveredstatements="33" elements="54" coveredelements="38"/>
  </project>
</coverage>
